<?xml version="1.0" encoding="UTF-8"?>
<!-- Generated by org.testng.reporters.JUnitReportReporter -->
<testsuite hostname="ARSU_2831" failures="0" tests="1" name="Frameword_practice.test.TC001" time="0.022" errors="0" timestamp="2025-01-03T07:53:14 IST" skipped="0">
  <testcase classname="Frameword_practice.test.TC001" name="TS001" time="0.022"/>
</testsuite> <!-- Frameword_practice.test.TC001 -->
