<?xml version="1.0" encoding="UTF-8"?>
<!-- Generated by org.testng.reporters.JUnitReportReporter -->
<testsuite hostname="ARSU_2831" failures="0" tests="1" name="Frameword_practice.test.TC002" time="0.023" errors="0" timestamp="2025-01-03T10:26:29 IST" skipped="0">
  <testcase classname="Frameword_practice.test.TC002" name="readJson" time="0.023"/>
</testsuite> <!-- Frameword_practice.test.TC002 -->
