<?xml version="1.0" encoding="UTF-8"?>
<!-- Generated by org.testng.reporters.JUnitReportReporter -->
<testsuite hostname="ARSU_2831" failures="0" tests="1" name="Frameword_practice.test.TC003" time="0.949" errors="0" timestamp="2025-01-03T07:30:20 IST" skipped="0">
  <testcase classname="Frameword_practice.test.TC003" name="excelData" time="0.949"/>
</testsuite> <!-- Frameword_practice.test.TC003 -->
